# JRE version: Java(TM) SE Runtime Environment (8.0_77-b03) (build 1.8.0_77-b03)
# Java VM: Java HotSpot(TM) 64-Bit Server VM (25.77-b03 mixed mode linux-amd64 compressed oops)
Heap:
 PSYoungGen      total 125440K, used 12271K [0x00000000eab00000, 0x00000000f3300000, 0x0000000100000000)
  eden space 113152K, 0% used [0x00000000eab00000,0x00000000eab00000,0x00000000f1980000)
  from space 12288K, 99% used [0x00000000f1980000,0x00000000f257bf10,0x00000000f2580000)
  to   space 10752K, 0% used [0x00000000f2580000,0x00000000f2580000,0x00000000f3000000)
 ParOldGen       total 36864K, used 34508K [0x00000000c0000000, 0x00000000c2400000, 0x00000000eab00000)
  object space 36864K, 93% used [0x00000000c0000000,0x00000000c21b3270,0x00000000c2400000)
 Metaspace       used 6020K, capacity 7152K, committed 7296K, reserved 1056768K
  class space    used 576K, capacity 616K, committed 640K, reserved 1048576K
GC Heap History (10 events):
Event: 2.239 GC heap after
Heap after GC invocations=2 (full 0):
 PSYoungGen      total 30720K, used 2016K [0x00000000eab00000, 0x00000000ecb00000, 0x0000000100000000)
  eden space 28672K, 0% used [0x00000000eab00000,0x00000000eab00000,0x00000000ec700000)
  from space 2048K, 98% used [0x00000000ec900000,0x00000000ecaf8010,0x00000000ecb00000)
  to   space 2048K, 0% used [0x00000000ec700000,0x00000000ec700000,0x00000000ec900000)
 ParOldGen       total 36864K, used 4837K [0x00000000c0000000, 0x00000000c2400000, 0x00000000eab00000)
  object space 36864K, 13% used [0x00000000c0000000,0x00000000c04b9778,0x00000000c2400000)
 Metaspace       used 5626K, capacity 6896K, committed 7040K, reserved 1056768K
  class space    used 554K, capacity 616K, committed 640K, reserved 1048576K
}
Event: 3.118 GC heap before
{Heap before GC invocations=3 (full 0):
 PSYoungGen      total 30720K, used 30688K [0x00000000eab00000, 0x00000000ecb00000, 0x0000000100000000)
  eden space 28672K, 100% used [0x00000000eab00000,0x00000000ec700000,0x00000000ec700000)
  from space 2048K, 98% used [0x00000000ec900000,0x00000000ecaf8010,0x00000000ecb00000)
  to   space 2048K, 0% used [0x00000000ec700000,0x00000000ec700000,0x00000000ec900000)
 ParOldGen       total 36864K, used 4837K [0x00000000c0000000, 0x00000000c2400000, 0x00000000eab00000)
  object space 36864K, 13% used [0x00000000c0000000,0x00000000c04b9778,0x00000000c2400000)
 Metaspace       used 5778K, capacity 7024K, committed 7296K, reserved 1056768K
  class space    used 556K, capacity 616K, committed 640K, reserved 1048576K
Event: 3.140 GC heap after
Heap after GC invocations=3 (full 0):
 PSYoungGen      total 30720K, used 2025K [0x00000000eab00000, 0x00000000ee700000, 0x0000000100000000)
  eden space 28672K, 0% used [0x00000000eab00000,0x00000000eab00000,0x00000000ec700000)
  from space 2048K, 98% used [0x00000000ec700000,0x00000000ec8fa738,0x00000000ec900000)
  to   space 2048K, 0% used [0x00000000ee500000,0x00000000ee500000,0x00000000ee700000)
 ParOldGen       total 36864K, used 8991K [0x00000000c0000000, 0x00000000c2400000, 0x00000000eab00000)
  object space 36864K, 24% used [0x00000000c0000000,0x00000000c08c7c50,0x00000000c2400000)
 Metaspace       used 5778K, capacity 7024K, committed 7296K, reserved 1056768K
  class space    used 556K, capacity 616K, committed 640K, reserved 1048576K
}
Event: 3.757 GC heap before
{Heap before GC invocations=4 (full 0):
 PSYoungGen      total 30720K, used 30697K [0x00000000eab00000, 0x00000000ee700000, 0x0000000100000000)
  eden space 28672K, 100% used [0x00000000eab00000,0x00000000ec700000,0x00000000ec700000)
  from space 2048K, 98% used [0x00000000ec700000,0x00000000ec8fa738,0x00000000ec900000)
  to   space 2048K, 0% used [0x00000000ee500000,0x00000000ee500000,0x00000000ee700000)
 ParOldGen       total 36864K, used 8991K [0x00000000c0000000, 0x00000000c2400000, 0x00000000eab00000)
  object space 36864K, 24% used [0x00000000c0000000,0x00000000c08c7c50,0x00000000c2400000)
 Metaspace       used 5868K, capacity 7088K, committed 7296K, reserved 1056768K
  class space    used 557K, capacity 616K, committed 640K, reserved 1048576K
Event: 3.802 GC heap after
Heap after GC invocations=4 (full 0):
 PSYoungGen      total 59392K, used 2039K [0x00000000eab00000, 0x00000000ee700000, 0x0000000100000000)
  eden space 57344K, 0% used [0x00000000eab00000,0x00000000eab00000,0x00000000ee300000)
  from space 2048K, 99% used [0x00000000ee500000,0x00000000ee6fde78,0x00000000ee700000)
  to   space 2048K, 0% used [0x00000000ee300000,0x00000000ee300000,0x00000000ee500000)
 ParOldGen       total 36864K, used 13401K [0x00000000c0000000, 0x00000000c2400000, 0x00000000eab00000)
  object space 36864K, 36% used [0x00000000c0000000,0x00000000c0d16568,0x00000000c2400000)
 Metaspace       used 5868K, capacity 7088K, committed 7296K, reserved 1056768K
  class space    used 557K, capacity 616K, committed 640K, reserved 1048576K
}
Event: 5.086 GC heap before
{Heap before GC invocations=5 (full 0):
 PSYoungGen      total 59392K, used 59383K [0x00000000eab00000, 0x00000000ee700000, 0x0000000100000000)
  eden space 57344K, 100% used [0x00000000eab00000,0x00000000ee300000,0x00000000ee300000)
  from space 2048K, 99% used [0x00000000ee500000,0x00000000ee6fde78,0x00000000ee700000)
  to   space 2048K, 0% used [0x00000000ee300000,0x00000000ee300000,0x00000000ee500000)
 ParOldGen       total 36864K, used 13401K [0x00000000c0000000, 0x00000000c2400000, 0x00000000eab00000)
  object space 36864K, 36% used [0x00000000c0000000,0x00000000c0d16568,0x00000000c2400000)
 Metaspace       used 5978K, capacity 7088K, committed 7296K, reserved 1056768K
  class space    used 576K, capacity 616K, committed 640K, reserved 1048576K
Event: 5.165 GC heap after
Heap after GC invocations=5 (full 0):
 PSYoungGen      total 59392K, used 2018K [0x00000000eab00000, 0x00000000f3000000, 0x0000000100000000)
  eden space 57344K, 0% used [0x00000000eab00000,0x00000000eab00000,0x00000000ee300000)
  from space 2048K, 98% used [0x00000000ee300000,0x00000000ee4f89d8,0x00000000ee500000)
  to   space 10752K, 0% used [0x00000000f2580000,0x00000000f2580000,0x00000000f3000000)
 ParOldGen       total 36864K, used 22051K [0x00000000c0000000, 0x00000000c2400000, 0x00000000eab00000)
  object space 36864K, 59% used [0x00000000c0000000,0x00000000c1588ee0,0x00000000c2400000)
 Metaspace       used 5978K, capacity 7088K, committed 7296K, reserved 1056768K
  class space    used 576K, capacity 616K, committed 640K, reserved 1048576K
}
Event: 6.010 GC heap before
{Heap before GC invocations=6 (full 0):
 PSYoungGen      total 59392K, used 59362K [0x00000000eab00000, 0x00000000f3000000, 0x0000000100000000)
  eden space 57344K, 100% used [0x00000000eab00000,0x00000000ee300000,0x00000000ee300000)
  from space 2048K, 98% used [0x00000000ee300000,0x00000000ee4f89d8,0x00000000ee500000)
  to   space 10752K, 0% used [0x00000000f2580000,0x00000000f2580000,0x00000000f3000000)
 ParOldGen       total 36864K, used 22051K [0x00000000c0000000, 0x00000000c2400000, 0x00000000eab00000)
  object space 36864K, 59% used [0x00000000c0000000,0x00000000c1588ee0,0x00000000c2400000)
 Metaspace       used 5988K, capacity 7088K, committed 7296K, reserved 1056768K
  class space    used 576K, capacity 616K, committed 640K, reserved 1048576K
Event: 6.056 GC heap after
Heap after GC invocations=6 (full 0):
 PSYoungGen      total 123904K, used 10019K [0x00000000eab00000, 0x00000000f3300000, 0x0000000100000000)
  eden space 113152K, 0% used [0x00000000eab00000,0x00000000eab00000,0x00000000f1980000)
  from space 10752K, 93% used [0x00000000f2580000,0x00000000f2f48fa0,0x00000000f3000000)
  to   space 12288K, 0% used [0x00000000f1980000,0x00000000f1980000,0x00000000f2580000)
 ParOldGen       total 36864K, used 22051K [0x00000000c0000000, 0x00000000c2400000, 0x00000000eab00000)
  object space 36864K, 59% used [0x00000000c0000000,0x00000000c1588ee0,0x00000000c2400000)
 Metaspace       used 5988K, capacity 7088K, committed 7296K, reserved 1056768K
  class space    used 576K, capacity 616K, committed 640K, reserved 1048576K
}
Event: 8.248 GC heap before
{Heap before GC invocations=7 (full 0):
 PSYoungGen      total 123904K, used 123171K [0x00000000eab00000, 0x00000000f3300000, 0x0000000100000000)
  eden space 113152K, 100% used [0x00000000eab00000,0x00000000f1980000,0x00000000f1980000)
  from space 10752K, 93% used [0x00000000f2580000,0x00000000f2f48fa0,0x00000000f3000000)
  to   space 12288K, 0% used [0x00000000f1980000,0x00000000f1980000,0x00000000f2580000)
 ParOldGen       total 36864K, used 22051K [0x00000000c0000000, 0x00000000c2400000, 0x00000000eab00000)
  object space 36864K, 59% used [0x00000000c0000000,0x00000000c1588ee0,0x00000000c2400000)
 Metaspace       used 6020K, capacity 7152K, committed 7296K, reserved 1056768K
  class space    used 576K, capacity 616K, committed 640K, reserved 1048576K

