# JRE version: Java(TM) SE Runtime Environment (8.0_77-b03) (build 1.8.0_77-b03)
# Java VM: Java HotSpot(TM) 64-Bit Server VM (25.77-b03 mixed mode linux-amd64 compressed oops)
Heap:
 PSYoungGen      total 196096K, used 27107K [0x00000000eab00000, 0x00000000f8780000, 0x0000000100000000)
  eden space 168960K, 0% used [0x00000000eab00000,0x00000000eab00000,0x00000000f5000000)
  from space 27136K, 99% used [0x00000000f5000000,0x00000000f6a78ee0,0x00000000f6a80000)
  to   space 21504K, 0% used [0x00000000f6a80000,0x00000000f6a80000,0x00000000f7f80000)
 ParOldGen       total 66560K, used 66123K [0x00000000c0000000, 0x00000000c4100000, 0x00000000eab00000)
  object space 66560K, 99% used [0x00000000c0000000,0x00000000c4092d08,0x00000000c4100000)
 Metaspace       used 6126K, capacity 7216K, committed 7296K, reserved 1056768K
  class space    used 577K, capacity 616K, committed 640K, reserved 1048576K
GC Heap History (10 events):
Event: 5.995 GC heap after
Heap after GC invocations=7 (full 0):
 PSYoungGen      total 63488K, used 7167K [0x00000000eab00000, 0x00000000f2f00000, 0x0000000100000000)
  eden space 56320K, 0% used [0x00000000eab00000,0x00000000eab00000,0x00000000ee200000)
  from space 7168K, 99% used [0x00000000ee200000,0x00000000ee8ffef8,0x00000000ee900000)
  to   space 11264K, 0% used [0x00000000f2400000,0x00000000f2400000,0x00000000f2f00000)
 ParOldGen       total 36864K, used 20536K [0x00000000c0000000, 0x00000000c2400000, 0x00000000eab00000)
  object space 36864K, 55% used [0x00000000c0000000,0x00000000c140e398,0x00000000c2400000)
 Metaspace       used 5981K, capacity 7088K, committed 7296K, reserved 1056768K
  class space    used 576K, capacity 616K, committed 640K, reserved 1048576K
}
Event: 8.388 GC heap before
{Heap before GC invocations=8 (full 0):
 PSYoungGen      total 63488K, used 63487K [0x00000000eab00000, 0x00000000f2f00000, 0x0000000100000000)
  eden space 56320K, 100% used [0x00000000eab00000,0x00000000ee200000,0x00000000ee200000)
  from space 7168K, 99% used [0x00000000ee200000,0x00000000ee8ffef8,0x00000000ee900000)
  to   space 11264K, 0% used [0x00000000f2400000,0x00000000f2400000,0x00000000f2f00000)
 ParOldGen       total 36864K, used 20536K [0x00000000c0000000, 0x00000000c2400000, 0x00000000eab00000)
  object space 36864K, 55% used [0x00000000c0000000,0x00000000c140e398,0x00000000c2400000)
 Metaspace       used 5994K, capacity 7088K, committed 7296K, reserved 1056768K
  class space    used 576K, capacity 616K, committed 640K, reserved 1048576K
Event: 9.795 GC heap after
Heap after GC invocations=8 (full 0):
 PSYoungGen      total 120320K, used 11259K [0x00000000eab00000, 0x00000000f3600000, 0x0000000100000000)
  eden space 109056K, 0% used [0x00000000eab00000,0x00000000eab00000,0x00000000f1580000)
  from space 11264K, 99% used [0x00000000f2400000,0x00000000f2efeed8,0x00000000f2f00000)
  to   space 14848K, 0% used [0x00000000f1580000,0x00000000f1580000,0x00000000f2400000)
 ParOldGen       total 36864K, used 24634K [0x00000000c0000000, 0x00000000c2400000, 0x00000000eab00000)
  object space 36864K, 66% used [0x00000000c0000000,0x00000000c180eb28,0x00000000c2400000)
 Metaspace       used 5994K, capacity 7088K, committed 7296K, reserved 1056768K
  class space    used 576K, capacity 616K, committed 640K, reserved 1048576K
}
Event: 196.697 GC heap before
{Heap before GC invocations=9 (full 0):
 PSYoungGen      total 120320K, used 120315K [0x00000000eab00000, 0x00000000f3600000, 0x0000000100000000)
  eden space 109056K, 100% used [0x00000000eab00000,0x00000000f1580000,0x00000000f1580000)
  from space 11264K, 99% used [0x00000000f2400000,0x00000000f2efeed8,0x00000000f2f00000)
  to   space 14848K, 0% used [0x00000000f1580000,0x00000000f1580000,0x00000000f2400000)
 ParOldGen       total 36864K, used 24634K [0x00000000c0000000, 0x00000000c2400000, 0x00000000eab00000)
  object space 36864K, 66% used [0x00000000c0000000,0x00000000c180eb28,0x00000000c2400000)
 Metaspace       used 6023K, capacity 7152K, committed 7296K, reserved 1056768K
  class space    used 576K, capacity 616K, committed 640K, reserved 1048576K
Event: 196.803 GC heap after
Heap after GC invocations=9 (full 0):
 PSYoungGen      total 123904K, used 14846K [0x00000000eab00000, 0x00000000f7f80000, 0x0000000100000000)
  eden space 109056K, 0% used [0x00000000eab00000,0x00000000eab00000,0x00000000f1580000)
  from space 14848K, 99% used [0x00000000f1580000,0x00000000f23ffa68,0x00000000f2400000)
  to   space 21504K, 0% used [0x00000000f6a80000,0x00000000f6a80000,0x00000000f7f80000)
 ParOldGen       total 36864K, used 35565K [0x00000000c0000000, 0x00000000c2400000, 0x00000000eab00000)
  object space 36864K, 96% used [0x00000000c0000000,0x00000000c22bb588,0x00000000c2400000)
 Metaspace       used 6023K, capacity 7152K, committed 7296K, reserved 1056768K
  class space    used 576K, capacity 616K, committed 640K, reserved 1048576K
}
Event: 196.803 GC heap before
{Heap before GC invocations=10 (full 1):
 PSYoungGen      total 123904K, used 14846K [0x00000000eab00000, 0x00000000f7f80000, 0x0000000100000000)
  eden space 109056K, 0% used [0x00000000eab00000,0x00000000eab00000,0x00000000f1580000)
  from space 14848K, 99% used [0x00000000f1580000,0x00000000f23ffa68,0x00000000f2400000)
  to   space 21504K, 0% used [0x00000000f6a80000,0x00000000f6a80000,0x00000000f7f80000)
 ParOldGen       total 36864K, used 35565K [0x00000000c0000000, 0x00000000c2400000, 0x00000000eab00000)
  object space 36864K, 96% used [0x00000000c0000000,0x00000000c22bb588,0x00000000c2400000)
 Metaspace       used 6023K, capacity 7152K, committed 7296K, reserved 1056768K
  class space    used 576K, capacity 616K, committed 640K, reserved 1048576K
Event: 197.244 GC heap after
Heap after GC invocations=10 (full 1):
 PSYoungGen      total 123904K, used 10209K [0x00000000eab00000, 0x00000000f7f80000, 0x0000000100000000)
  eden space 109056K, 0% used [0x00000000eab00000,0x00000000eab00000,0x00000000f1580000)
  from space 14848K, 68% used [0x00000000f1580000,0x00000000f1f78608,0x00000000f2400000)
  to   space 21504K, 0% used [0x00000000f6a80000,0x00000000f6a80000,0x00000000f7f80000)
 ParOldGen       total 61440K, used 36857K [0x00000000c0000000, 0x00000000c3c00000, 0x00000000eab00000)
  object space 61440K, 59% used [0x00000000c0000000,0x00000000c23fe450,0x00000000c3c00000)
 Metaspace       used 6023K, capacity 7152K, committed 7296K, reserved 1056768K
  class space    used 576K, capacity 616K, committed 640K, reserved 1048576K
}
Event: 200.388 GC heap before
{Heap before GC invocations=11 (full 1):
 PSYoungGen      total 123904K, used 119265K [0x00000000eab00000, 0x00000000f7f80000, 0x0000000100000000)
  eden space 109056K, 100% used [0x00000000eab00000,0x00000000f1580000,0x00000000f1580000)
  from space 14848K, 68% used [0x00000000f1580000,0x00000000f1f78608,0x00000000f2400000)
  to   space 21504K, 0% used [0x00000000f6a80000,0x00000000f6a80000,0x00000000f7f80000)
 ParOldGen       total 61440K, used 36857K [0x00000000c0000000, 0x00000000c3c00000, 0x00000000eab00000)
  object space 61440K, 59% used [0x00000000c0000000,0x00000000c23fe450,0x00000000c3c00000)
 Metaspace       used 6070K, capacity 7152K, committed 7296K, reserved 1056768K
  class space    used 577K, capacity 616K, committed 640K, reserved 1048576K
Event: 200.491 GC heap after
Heap after GC invocations=11 (full 1):
 PSYoungGen      total 190464K, used 21482K [0x00000000eab00000, 0x00000000f8780000, 0x0000000100000000)
  eden space 168960K, 0% used [0x00000000eab00000,0x00000000eab00000,0x00000000f5000000)
  from space 21504K, 99% used [0x00000000f6a80000,0x00000000f7f7a928,0x00000000f7f80000)
  to   space 27136K, 0% used [0x00000000f5000000,0x00000000f5000000,0x00000000f6a80000)
 ParOldGen       total 61440K, used 43046K [0x00000000c0000000, 0x00000000c3c00000, 0x00000000eab00000)
  object space 61440K, 70% used [0x00000000c0000000,0x00000000c2a09868,0x00000000c3c00000)
 Metaspace       used 6070K, capacity 7152K, committed 7296K, reserved 1056768K
  class space    used 577K, capacity 616K, committed 640K, reserved 1048576K
}
Event: 229.923 GC heap before
{Heap before GC invocations=12 (full 1):
 PSYoungGen      total 190464K, used 190442K [0x00000000eab00000, 0x00000000f8780000, 0x0000000100000000)
  eden space 168960K, 100% used [0x00000000eab00000,0x00000000f5000000,0x00000000f5000000)
  from space 21504K, 99% used [0x00000000f6a80000,0x00000000f7f7a928,0x00000000f7f80000)
  to   space 27136K, 0% used [0x00000000f5000000,0x00000000f5000000,0x00000000f6a80000)
 ParOldGen       total 61440K, used 43046K [0x00000000c0000000, 0x00000000c3c00000, 0x00000000eab00000)
  object space 61440K, 70% used [0x00000000c0000000,0x00000000c2a09868,0x00000000c3c00000)
 Metaspace       used 6126K, capacity 7216K, committed 7296K, reserved 1056768K
  class space    used 577K, capacity 616K, committed 640K, reserved 1048576K

