# JRE version: Java(TM) SE Runtime Environment (8.0_77-b03) (build 1.8.0_77-b03)
# Java VM: Java HotSpot(TM) 64-Bit Server VM (25.77-b03 mixed mode linux-amd64 compressed oops)
Heap:
 PSYoungGen      total 278016K, used 30814K [0x00000000eab00000, 0x0000000100000000, 0x0000000100000000)
  eden space 206848K, 0% used [0x00000000eab00000,0x00000000eab00000,0x00000000f7500000)
  from space 71168K, 43% used [0x00000000f7500000,0x00000000f9317920,0x00000000fba80000)
  to   space 69632K, 0% used [0x00000000fbc00000,0x00000000fbc00000,0x0000000100000000)
 ParOldGen       total 197632K, used 197187K [0x00000000c0000000, 0x00000000cc100000, 0x00000000eab00000)
  object space 197632K, 99% used [0x00000000c0000000,0x00000000cc090ef8,0x00000000cc100000)
 Metaspace       used 6133K, capacity 7216K, committed 7296K, reserved 1056768K
  class space    used 577K, capacity 616K, committed 640K, reserved 1048576K
GC Heap History (10 events):
Event: 25.990 GC heap after
Heap after GC invocations=12 (full 2):
 PSYoungGen      total 282624K, used 40928K [0x00000000eab00000, 0x0000000100000000, 0x0000000100000000)
  eden space 241664K, 0% used [0x00000000eab00000,0x00000000eab00000,0x00000000f9700000)
  from space 40960K, 99% used [0x00000000fd800000,0x00000000ffff8220,0x0000000100000000)
  to   space 53760K, 0% used [0x00000000f9700000,0x00000000f9700000,0x00000000fcb80000)
 ParOldGen       total 115712K, used 84879K [0x00000000c0000000, 0x00000000c7100000, 0x00000000eab00000)
  object space 115712K, 73% used [0x00000000c0000000,0x00000000c52e3c30,0x00000000c7100000)
 Metaspace       used 6122K, capacity 7216K, committed 7296K, reserved 1056768K
  class space    used 577K, capacity 616K, committed 640K, reserved 1048576K
}
Event: 28.589 GC heap before
{Heap before GC invocations=13 (full 2):
 PSYoungGen      total 282624K, used 282592K [0x00000000eab00000, 0x0000000100000000, 0x0000000100000000)
  eden space 241664K, 100% used [0x00000000eab00000,0x00000000f9700000,0x00000000f9700000)
  from space 40960K, 99% used [0x00000000fd800000,0x00000000ffff8220,0x0000000100000000)
  to   space 53760K, 0% used [0x00000000f9700000,0x00000000f9700000,0x00000000fcb80000)
 ParOldGen       total 115712K, used 84879K [0x00000000c0000000, 0x00000000c7100000, 0x00000000eab00000)
  object space 115712K, 73% used [0x00000000c0000000,0x00000000c52e3c30,0x00000000c7100000)
 Metaspace       used 6127K, capacity 7216K, committed 7296K, reserved 1056768K
  class space    used 577K, capacity 616K, committed 640K, reserved 1048576K
Event: 28.914 GC heap after
Heap after GC invocations=13 (full 2):
 PSYoungGen      total 279552K, used 37717K [0x00000000eab00000, 0x0000000100000000, 0x0000000100000000)
  eden space 241664K, 0% used [0x00000000eab00000,0x00000000eab00000,0x00000000f9700000)
  from space 37888K, 99% used [0x00000000f9700000,0x00000000fbbd55a8,0x00000000fbc00000)
  to   space 57344K, 0% used [0x00000000fc800000,0x00000000fc800000,0x0000000100000000)
 ParOldGen       total 126464K, used 125986K [0x00000000c0000000, 0x00000000c7b80000, 0x00000000eab00000)
  object space 126464K, 99% used [0x00000000c0000000,0x00000000c7b08b38,0x00000000c7b80000)
 Metaspace       used 6127K, capacity 7216K, committed 7296K, reserved 1056768K
  class space    used 577K, capacity 616K, committed 640K, reserved 1048576K
}
Event: 28.914 GC heap before
{Heap before GC invocations=14 (full 3):
 PSYoungGen      total 279552K, used 37717K [0x00000000eab00000, 0x0000000100000000, 0x0000000100000000)
  eden space 241664K, 0% used [0x00000000eab00000,0x00000000eab00000,0x00000000f9700000)
  from space 37888K, 99% used [0x00000000f9700000,0x00000000fbbd55a8,0x00000000fbc00000)
  to   space 57344K, 0% used [0x00000000fc800000,0x00000000fc800000,0x0000000100000000)
 ParOldGen       total 126464K, used 125986K [0x00000000c0000000, 0x00000000c7b80000, 0x00000000eab00000)
  object space 126464K, 99% used [0x00000000c0000000,0x00000000c7b08b38,0x00000000c7b80000)
 Metaspace       used 6127K, capacity 7216K, committed 7296K, reserved 1056768K
  class space    used 577K, capacity 616K, committed 640K, reserved 1048576K
Event: 30.905 GC heap after
Heap after GC invocations=14 (full 3):
 PSYoungGen      total 279552K, used 32874K [0x00000000eab00000, 0x0000000100000000, 0x0000000100000000)
  eden space 241664K, 0% used [0x00000000eab00000,0x00000000eab00000,0x00000000f9700000)
  from space 37888K, 86% used [0x00000000f9700000,0x00000000fb71a818,0x00000000fbc00000)
  to   space 57344K, 0% used [0x00000000fc800000,0x00000000fc800000,0x0000000100000000)
 ParOldGen       total 197632K, used 126332K [0x00000000c0000000, 0x00000000cc100000, 0x00000000eab00000)
  object space 197632K, 63% used [0x00000000c0000000,0x00000000c7b5f2d0,0x00000000cc100000)
 Metaspace       used 6127K, capacity 7216K, committed 7296K, reserved 1056768K
  class space    used 577K, capacity 616K, committed 640K, reserved 1048576K
}
Event: 35.836 GC heap before
{Heap before GC invocations=15 (full 3):
 PSYoungGen      total 279552K, used 274538K [0x00000000eab00000, 0x0000000100000000, 0x0000000100000000)
  eden space 241664K, 100% used [0x00000000eab00000,0x00000000f9700000,0x00000000f9700000)
  from space 37888K, 86% used [0x00000000f9700000,0x00000000fb71a818,0x00000000fbc00000)
  to   space 57344K, 0% used [0x00000000fc800000,0x00000000fc800000,0x0000000100000000)
 ParOldGen       total 197632K, used 126332K [0x00000000c0000000, 0x00000000cc100000, 0x00000000eab00000)
  object space 197632K, 63% used [0x00000000c0000000,0x00000000c7b5f2d0,0x00000000cc100000)
 Metaspace       used 6130K, capacity 7216K, committed 7296K, reserved 1056768K
  class space    used 577K, capacity 616K, committed 640K, reserved 1048576K
Event: 36.179 GC heap after
Heap after GC invocations=15 (full 3):
 PSYoungGen      total 264192K, used 57317K [0x00000000eab00000, 0x0000000100000000, 0x0000000100000000)
  eden space 206848K, 0% used [0x00000000eab00000,0x00000000eab00000,0x00000000f7500000)
  from space 57344K, 99% used [0x00000000fc800000,0x00000000ffff9698,0x0000000100000000)
  to   space 71168K, 0% used [0x00000000f7500000,0x00000000f7500000,0x00000000fba80000)
 ParOldGen       total 197632K, used 138480K [0x00000000c0000000, 0x00000000cc100000, 0x00000000eab00000)
  object space 197632K, 70% used [0x00000000c0000000,0x00000000c873c240,0x00000000cc100000)
 Metaspace       used 6130K, capacity 7216K, committed 7296K, reserved 1056768K
  class space    used 577K, capacity 616K, committed 640K, reserved 1048576K
}
Event: 40.534 GC heap before
{Heap before GC invocations=16 (full 3):
 PSYoungGen      total 264192K, used 264165K [0x00000000eab00000, 0x0000000100000000, 0x0000000100000000)
  eden space 206848K, 100% used [0x00000000eab00000,0x00000000f7500000,0x00000000f7500000)
  from space 57344K, 99% used [0x00000000fc800000,0x00000000ffff9698,0x0000000100000000)
  to   space 71168K, 0% used [0x00000000f7500000,0x00000000f7500000,0x00000000fba80000)
 ParOldGen       total 197632K, used 138480K [0x00000000c0000000, 0x00000000cc100000, 0x00000000eab00000)
  object space 197632K, 70% used [0x00000000c0000000,0x00000000c873c240,0x00000000cc100000)
 Metaspace       used 6133K, capacity 7216K, committed 7296K, reserved 1056768K
  class space    used 577K, capacity 616K, committed 640K, reserved 1048576K
Event: 40.890 GC heap after
Heap after GC invocations=16 (full 3):
 PSYoungGen      total 278016K, used 34626K [0x00000000eab00000, 0x0000000100000000, 0x0000000100000000)
  eden space 206848K, 0% used [0x00000000eab00000,0x00000000eab00000,0x00000000f7500000)
  from space 71168K, 48% used [0x00000000f7500000,0x00000000f96d0bb8,0x00000000fba80000)
  to   space 69632K, 0% used [0x00000000fbc00000,0x00000000fbc00000,0x0000000100000000)
 ParOldGen       total 197632K, used 196069K [0x00000000c0000000, 0x00000000cc100000, 0x00000000eab00000)
  object space 197632K, 99% used [0x00000000c0000000,0x00000000cbf79450,0x00000000cc100000)
 Metaspace       used 6133K, capacity 7216K, committed 7296K, reserved 1056768K
  class space    used 577K, capacity 616K, committed 640K, reserved 1048576K
}
Event: 40.909 GC heap before
{Heap before GC invocations=17 (full 4):
 PSYoungGen      total 278016K, used 34626K [0x00000000eab00000, 0x0000000100000000, 0x0000000100000000)
  eden space 206848K, 0% used [0x00000000eab00000,0x00000000eab00000,0x00000000f7500000)
  from space 71168K, 48% used [0x00000000f7500000,0x00000000f96d0bb8,0x00000000fba80000)
  to   space 69632K, 0% used [0x00000000fbc00000,0x00000000fbc00000,0x0000000100000000)
 ParOldGen       total 197632K, used 196069K [0x00000000c0000000, 0x00000000cc100000, 0x00000000eab00000)
  object space 197632K, 99% used [0x00000000c0000000,0x00000000cbf79450,0x00000000cc100000)
 Metaspace       used 6133K, capacity 7216K, committed 7296K, reserved 1056768K
  class space    used 577K, capacity 616K, committed 640K, reserved 1048576K

